# JRE version: OpenJDK Runtime Environment (11.0.15) (build 11.0.15+0-b2043.56-9505619)
# Java VM: OpenJDK 64-Bit Server VM (11.0.15+0-b2043.56-9505619, mixed mode, tiered, compressed oops, g1 gc, windows-amd64)
Heap:
 garbage-first heap   total 312320K, used 197259K [0x0000000702a00000, 0x0000000800000000)
  region size 1024K, 149 young (152576K), 20 survivors (20480K)
 Metaspace       used 86835K, capacity 87821K, committed 88016K, reserved 1128448K
  class space    used 9397K, capacity 9828K, committed 9856K, reserved 1048576K
GC Heap History (14 events):
Event: 1.576 GC heap before
{Heap before GC invocations=0 (full 0):
 garbage-first heap   total 260096K, used 27648K [0x0000000702a00000, 0x0000000800000000)
  region size 1024K, 24 young (24576K), 0 survivors (0K)
 Metaspace       used 12526K, capacity 12689K, committed 12800K, reserved 1060864K
  class space    used 1128K, capacity 1182K, committed 1280K, reserved 1048576K
}
Event: 1.583 GC heap after
{Heap after GC invocations=1 (full 0):
 garbage-first heap   total 260096K, used 6314K [0x0000000702a00000, 0x0000000800000000)
  region size 1024K, 3 young (3072K), 3 survivors (3072K)
 Metaspace       used 12526K, capacity 12689K, committed 12800K, reserved 1060864K
  class space    used 1128K, capacity 1182K, committed 1280K, reserved 1048576K
}
Event: 3.245 GC heap before
{Heap before GC invocations=1 (full 0):
 garbage-first heap   total 260096K, used 43178K [0x0000000702a00000, 0x0000000800000000)
  region size 1024K, 40 young (40960K), 3 survivors (3072K)
 Metaspace       used 20836K, capacity 21083K, committed 21296K, reserved 1069056K
  class space    used 2196K, capacity 2307K, committed 2432K, reserved 1048576K
}
Event: 3.274 GC heap after
{Heap after GC invocations=2 (full 0):
 garbage-first heap   total 260096K, used 10067K [0x0000000702a00000, 0x0000000800000000)
  region size 1024K, 7 young (7168K), 7 survivors (7168K)
 Metaspace       used 20836K, capacity 21083K, committed 21296K, reserved 1069056K
  class space    used 2196K, capacity 2307K, committed 2432K, reserved 1048576K
}
Event: 5.407 GC heap before
{Heap before GC invocations=3 (full 0):
 garbage-first heap   total 260096K, used 64339K [0x0000000702a00000, 0x0000000800000000)
  region size 1024K, 55 young (56320K), 7 survivors (7168K)
 Metaspace       used 31737K, capacity 32188K, committed 32304K, reserved 1077248K
  class space    used 3788K, capacity 3964K, committed 3968K, reserved 1048576K
}
Event: 5.435 GC heap after
{Heap after GC invocations=4 (full 0):
 garbage-first heap   total 260096K, used 20566K [0x0000000702a00000, 0x0000000800000000)
  region size 1024K, 7 young (7168K), 7 survivors (7168K)
 Metaspace       used 31737K, capacity 32188K, committed 32304K, reserved 1077248K
  class space    used 3788K, capacity 3964K, committed 3968K, reserved 1048576K
}
Event: 6.162 GC heap before
{Heap before GC invocations=4 (full 0):
 garbage-first heap   total 260096K, used 37974K [0x0000000702a00000, 0x0000000800000000)
  region size 1024K, 25 young (25600K), 7 survivors (7168K)
 Metaspace       used 35372K, capacity 35814K, committed 35920K, reserved 1081344K
  class space    used 4392K, capacity 4575K, committed 4608K, reserved 1048576K
}
Event: 6.181 GC heap after
{Heap after GC invocations=5 (full 0):
 garbage-first heap   total 260096K, used 23763K [0x0000000702a00000, 0x0000000800000000)
  region size 1024K, 8 young (8192K), 8 survivors (8192K)
 Metaspace       used 35372K, capacity 35814K, committed 35920K, reserved 1081344K
  class space    used 4392K, capacity 4575K, committed 4608K, reserved 1048576K
}
Event: 8.593 GC heap before
{Heap before GC invocations=6 (full 0):
 garbage-first heap   total 260096K, used 81107K [0x0000000702a00000, 0x0000000800000000)
  region size 1024K, 64 young (65536K), 8 survivors (8192K)
 Metaspace       used 47198K, capacity 47699K, committed 47952K, reserved 1091584K
  class space    used 5608K, capacity 5822K, committed 5888K, reserved 1048576K
}
Event: 8.613 GC heap after
{Heap after GC invocations=7 (full 0):
 garbage-first heap   total 260096K, used 26894K [0x0000000702a00000, 0x0000000800000000)
  region size 1024K, 8 young (8192K), 8 survivors (8192K)
 Metaspace       used 47198K, capacity 47699K, committed 47952K, reserved 1091584K
  class space    used 5608K, capacity 5822K, committed 5888K, reserved 1048576K
}
Event: 14.181 GC heap before
{Heap before GC invocations=7 (full 0):
 garbage-first heap   total 260096K, used 171278K [0x0000000702a00000, 0x0000000800000000)
  region size 1024K, 147 young (150528K), 8 survivors (8192K)
 Metaspace       used 59594K, capacity 60192K, committed 60240K, reserved 1101824K
  class space    used 6872K, capacity 7140K, committed 7168K, reserved 1048576K
}
Event: 14.378 GC heap after
{Heap after GC invocations=8 (full 0):
 garbage-first heap   total 312320K, used 45418K [0x0000000702a00000, 0x0000000800000000)
  region size 1024K, 19 young (19456K), 19 survivors (19456K)
 Metaspace       used 59594K, capacity 60192K, committed 60240K, reserved 1101824K
  class space    used 6872K, capacity 7140K, committed 7168K, reserved 1048576K
}
Event: 21.295 GC heap before
{Heap before GC invocations=9 (full 0):
 garbage-first heap   total 312320K, used 188778K [0x0000000702a00000, 0x0000000800000000)
  region size 1024K, 158 young (161792K), 19 survivors (19456K)
 Metaspace       used 72395K, capacity 73193K, committed 73296K, reserved 1114112K
  class space    used 8058K, capacity 8405K, committed 8448K, reserved 1048576K
}
Event: 21.352 GC heap after
{Heap after GC invocations=10 (full 0):
 garbage-first heap   total 312320K, used 66187K [0x0000000702a00000, 0x0000000800000000)
  region size 1024K, 20 young (20480K), 20 survivors (20480K)
 Metaspace       used 72395K, capacity 73193K, committed 73296K, reserved 1114112K
  class space    used 8058K, capacity 8405K, committed 8448K, reserved 1048576K
}

