# JRE version: OpenJDK Runtime Environment (11.0.15) (build 11.0.15+0-b2043.56-9505619)
# Java VM: OpenJDK 64-Bit Server VM (11.0.15+0-b2043.56-9505619, mixed mode, tiered, compressed oops, g1 gc, windows-amd64)
Heap:
 garbage-first heap   total 260096K, used 89088K [0x0000000702a00000, 0x0000000800000000)
  region size 1024K, 66 young (67584K), 8 survivors (8192K)
 Metaspace       used 49943K, capacity 50486K, committed 50608K, reserved 1093632K
  class space    used 5824K, capacity 6046K, committed 6144K, reserved 1048576K
GC Heap History (10 events):
Event: 1.464 GC heap before
{Heap before GC invocations=0 (full 0):
 garbage-first heap   total 260096K, used 27648K [0x0000000702a00000, 0x0000000800000000)
  region size 1024K, 24 young (24576K), 0 survivors (0K)
 Metaspace       used 12521K, capacity 12689K, committed 12800K, reserved 1060864K
  class space    used 1127K, capacity 1182K, committed 1280K, reserved 1048576K
}
Event: 1.470 GC heap after
{Heap after GC invocations=1 (full 0):
 garbage-first heap   total 260096K, used 6328K [0x0000000702a00000, 0x0000000800000000)
  region size 1024K, 3 young (3072K), 3 survivors (3072K)
 Metaspace       used 12521K, capacity 12689K, committed 12800K, reserved 1060864K
  class space    used 1127K, capacity 1182K, committed 1280K, reserved 1048576K
}
Event: 2.967 GC heap before
{Heap before GC invocations=1 (full 0):
 garbage-first heap   total 260096K, used 43192K [0x0000000702a00000, 0x0000000800000000)
  region size 1024K, 40 young (40960K), 3 survivors (3072K)
 Metaspace       used 20880K, capacity 21150K, committed 21296K, reserved 1069056K
  class space    used 2241K, capacity 2372K, committed 2432K, reserved 1048576K
}
Event: 2.981 GC heap after
{Heap after GC invocations=2 (full 0):
 garbage-first heap   total 260096K, used 10009K [0x0000000702a00000, 0x0000000800000000)
  region size 1024K, 7 young (7168K), 7 survivors (7168K)
 Metaspace       used 20880K, capacity 21150K, committed 21296K, reserved 1069056K
  class space    used 2241K, capacity 2372K, committed 2432K, reserved 1048576K
}
Event: 5.053 GC heap before
{Heap before GC invocations=3 (full 0):
 garbage-first heap   total 260096K, used 64281K [0x0000000702a00000, 0x0000000800000000)
  region size 1024K, 55 young (56320K), 7 survivors (7168K)
 Metaspace       used 31965K, capacity 32423K, committed 32688K, reserved 1077248K
  class space    used 3808K, capacity 4001K, committed 4096K, reserved 1048576K
}
Event: 5.078 GC heap after
{Heap after GC invocations=4 (full 0):
 garbage-first heap   total 260096K, used 20538K [0x0000000702a00000, 0x0000000800000000)
  region size 1024K, 7 young (7168K), 7 survivors (7168K)
 Metaspace       used 31965K, capacity 32423K, committed 32688K, reserved 1077248K
  class space    used 3808K, capacity 4001K, committed 4096K, reserved 1048576K
}
Event: 5.673 GC heap before
{Heap before GC invocations=4 (full 0):
 garbage-first heap   total 260096K, used 34874K [0x0000000702a00000, 0x0000000800000000)
  region size 1024K, 22 young (22528K), 7 survivors (7168K)
 Metaspace       used 35230K, capacity 35729K, committed 35888K, reserved 1081344K
  class space    used 4383K, capacity 4612K, committed 4736K, reserved 1048576K
}
Event: 5.692 GC heap after
{Heap after GC invocations=5 (full 0):
 garbage-first heap   total 260096K, used 23138K [0x0000000702a00000, 0x0000000800000000)
  region size 1024K, 3 young (3072K), 3 survivors (3072K)
 Metaspace       used 35230K, capacity 35729K, committed 35888K, reserved 1081344K
  class space    used 4383K, capacity 4612K, committed 4736K, reserved 1048576K
}
Event: 8.843 GC heap before
{Heap before GC invocations=6 (full 0):
 garbage-first heap   total 260096K, used 85602K [0x0000000702a00000, 0x0000000800000000)
  region size 1024K, 62 young (63488K), 3 survivors (3072K)
 Metaspace       used 47196K, capacity 47702K, committed 47792K, reserved 1091584K
  class space    used 5580K, capacity 5802K, committed 5888K, reserved 1048576K
}
Event: 8.873 GC heap after
{Heap after GC invocations=7 (full 0):
 garbage-first heap   total 260096K, used 29696K [0x0000000702a00000, 0x0000000800000000)
  region size 1024K, 8 young (8192K), 8 survivors (8192K)
 Metaspace       used 47196K, capacity 47702K, committed 47792K, reserved 1091584K
  class space    used 5580K, capacity 5802K, committed 5888K, reserved 1048576K
}

