# JRE version: OpenJDK Runtime Environment (17.0.6) (build 17.0.6+0-b2043.56-10027231)
# Java VM: OpenJDK 64-Bit Server VM (17.0.6+0-b2043.56-10027231, mixed mode, tiered, compressed oops, compressed class ptrs, g1 gc, windows-amd64)
GC Precious Log:
 CPUs: 12 total, 12 available
 Memory: 16211M
 Large Page Support: Disabled
 NUMA Support: Disabled
 Compressed Oops: Enabled (32-bit)
 Heap Region Size: 1M
 Heap Min Capacity: 8M
 Heap Initial Capacity: 254M
 Heap Max Capacity: 2G
 Pre-touch: Disabled
 Parallel Workers: 10
 Concurrent Workers: 3
 Concurrent Refinement Workers: 10
 Periodic GC: Disabled
Heap:
 garbage-first heap   total 345088K, used 245865K [0x0000000080000000, 0x0000000100000000)
  region size 1024K, 36 young (36864K), 9 survivors (9216K)
 Metaspace       used 131536K, committed 132672K, reserved 1171456K
  class space    used 17417K, committed 17984K, reserved 1048576K
GC Heap History (20 events):
Event: 80.608 GC heap before
{Heap before GC invocations=117 (full 0):
 garbage-first heap   total 265216K, used 225236K [0x0000000080000000, 0x0000000100000000)
  region size 1024K, 48 young (49152K), 4 survivors (4096K)
 Metaspace       used 124419K, committed 125376K, reserved 1163264K
  class space    used 16474K, committed 16896K, reserved 1048576K
}
Event: 80.619 GC heap after
{Heap after GC invocations=118 (full 0):
 garbage-first heap   total 265216K, used 186007K [0x0000000080000000, 0x0000000100000000)
  region size 1024K, 5 young (5120K), 5 survivors (5120K)
 Metaspace       used 124419K, committed 125376K, reserved 1163264K
  class space    used 16474K, committed 16896K, reserved 1048576K
}
Event: 81.512 GC heap before
{Heap before GC invocations=118 (full 0):
 garbage-first heap   total 265216K, used 225943K [0x0000000080000000, 0x0000000100000000)
  region size 1024K, 45 young (46080K), 5 survivors (5120K)
 Metaspace       used 125047K, committed 126016K, reserved 1163264K
  class space    used 16525K, committed 17024K, reserved 1048576K
}
Event: 81.524 GC heap after
{Heap after GC invocations=119 (full 0):
 garbage-first heap   total 265216K, used 191057K [0x0000000080000000, 0x0000000100000000)
  region size 1024K, 6 young (6144K), 6 survivors (6144K)
 Metaspace       used 125047K, committed 126016K, reserved 1163264K
  class space    used 16525K, committed 17024K, reserved 1048576K
}
Event: 82.340 GC heap before
{Heap before GC invocations=119 (full 0):
 garbage-first heap   total 265216K, used 226897K [0x0000000080000000, 0x0000000100000000)
  region size 1024K, 41 young (41984K), 6 survivors (6144K)
 Metaspace       used 125400K, committed 126400K, reserved 1163264K
  class space    used 16562K, committed 17024K, reserved 1048576K
}
Event: 82.355 GC heap after
{Heap after GC invocations=120 (full 0):
 garbage-first heap   total 265216K, used 196816K [0x0000000080000000, 0x0000000100000000)
  region size 1024K, 6 young (6144K), 6 survivors (6144K)
 Metaspace       used 125400K, committed 126400K, reserved 1163264K
  class space    used 16562K, committed 17024K, reserved 1048576K
}
Event: 83.383 GC heap before
{Heap before GC invocations=120 (full 0):
 garbage-first heap   total 265216K, used 225488K [0x0000000080000000, 0x0000000100000000)
  region size 1024K, 35 young (35840K), 6 survivors (6144K)
 Metaspace       used 126031K, committed 127040K, reserved 1163264K
  class space    used 16679K, committed 17152K, reserved 1048576K
}
Event: 83.401 GC heap after
{Heap after GC invocations=121 (full 0):
 garbage-first heap   total 265216K, used 202496K [0x0000000080000000, 0x0000000100000000)
  region size 1024K, 5 young (5120K), 5 survivors (5120K)
 Metaspace       used 126031K, committed 127040K, reserved 1163264K
  class space    used 16679K, committed 17152K, reserved 1048576K
}
Event: 84.048 GC heap before
{Heap before GC invocations=122 (full 0):
 garbage-first heap   total 345088K, used 219904K [0x0000000080000000, 0x0000000100000000)
  region size 1024K, 23 young (23552K), 5 survivors (5120K)
 Metaspace       used 126067K, committed 127040K, reserved 1163264K
  class space    used 16677K, committed 17152K, reserved 1048576K
}
Event: 84.059 GC heap after
{Heap after GC invocations=123 (full 0):
 garbage-first heap   total 345088K, used 205150K [0x0000000080000000, 0x0000000100000000)
  region size 1024K, 3 young (3072K), 3 survivors (3072K)
 Metaspace       used 126067K, committed 127040K, reserved 1163264K
  class space    used 16677K, committed 17152K, reserved 1048576K
}
Event: 84.757 GC heap before
{Heap before GC invocations=123 (full 0):
 garbage-first heap   total 345088K, used 217438K [0x0000000080000000, 0x0000000100000000)
  region size 1024K, 16 young (16384K), 3 survivors (3072K)
 Metaspace       used 126136K, committed 127104K, reserved 1163264K
  class space    used 16681K, committed 17152K, reserved 1048576K
}
Event: 84.778 GC heap after
{Heap after GC invocations=124 (full 0):
 garbage-first heap   total 345088K, used 195428K [0x0000000080000000, 0x0000000100000000)
  region size 1024K, 2 young (2048K), 2 survivors (2048K)
 Metaspace       used 126136K, committed 127104K, reserved 1163264K
  class space    used 16681K, committed 17152K, reserved 1048576K
}
Event: 85.974 GC heap before
{Heap before GC invocations=124 (full 0):
 garbage-first heap   total 345088K, used 277348K [0x0000000080000000, 0x0000000100000000)
  region size 1024K, 83 young (84992K), 2 survivors (2048K)
 Metaspace       used 126951K, committed 128000K, reserved 1163264K
  class space    used 16812K, committed 17344K, reserved 1048576K
}
Event: 85.987 GC heap after
{Heap after GC invocations=125 (full 0):
 garbage-first heap   total 345088K, used 203030K [0x0000000080000000, 0x0000000100000000)
  region size 1024K, 10 young (10240K), 10 survivors (10240K)
 Metaspace       used 126951K, committed 128000K, reserved 1163264K
  class space    used 16812K, committed 17344K, reserved 1048576K
}
Event: 86.344 GC heap before
{Heap before GC invocations=125 (full 0):
 garbage-first heap   total 345088K, used 279830K [0x0000000080000000, 0x0000000100000000)
  region size 1024K, 86 young (88064K), 10 survivors (10240K)
 Metaspace       used 127578K, committed 128640K, reserved 1163264K
  class space    used 16892K, committed 17408K, reserved 1048576K
}
Event: 86.358 GC heap after
{Heap after GC invocations=126 (full 0):
 garbage-first heap   total 345088K, used 208635K [0x0000000080000000, 0x0000000100000000)
  region size 1024K, 9 young (9216K), 9 survivors (9216K)
 Metaspace       used 127578K, committed 128640K, reserved 1163264K
  class space    used 16892K, committed 17408K, reserved 1048576K
}
Event: 90.342 GC heap before
{Heap before GC invocations=126 (full 0):
 garbage-first heap   total 345088K, used 283387K [0x0000000080000000, 0x0000000100000000)
  region size 1024K, 83 young (84992K), 9 survivors (9216K)
 Metaspace       used 130030K, committed 131008K, reserved 1163264K
  class space    used 17229K, committed 17728K, reserved 1048576K
}
Event: 90.355 GC heap after
{Heap after GC invocations=127 (full 0):
 garbage-first heap   total 345088K, used 212677K [0x0000000080000000, 0x0000000100000000)
  region size 1024K, 7 young (7168K), 7 survivors (7168K)
 Metaspace       used 130030K, committed 131008K, reserved 1163264K
  class space    used 17229K, committed 17728K, reserved 1048576K
}
Event: 243.856 GC heap before
{Heap before GC invocations=127 (full 0):
 garbage-first heap   total 345088K, used 285381K [0x0000000080000000, 0x0000000100000000)
  region size 1024K, 79 young (80896K), 7 survivors (7168K)
 Metaspace       used 131118K, committed 132160K, reserved 1171456K
  class space    used 17342K, committed 17856K, reserved 1048576K
}
Event: 243.877 GC heap after
{Heap after GC invocations=128 (full 0):
 garbage-first heap   total 345088K, used 220265K [0x0000000080000000, 0x0000000100000000)
  region size 1024K, 9 young (9216K), 9 survivors (9216K)
 Metaspace       used 131118K, committed 132160K, reserved 1171456K
  class space    used 17342K, committed 17856K, reserved 1048576K
}

